# JRE version: OpenJDK Runtime Environment (8.0_242-b01) (build 1.8.0_242-release-1644-b01)
# Java VM: OpenJDK 64-Bit Server VM (25.242-b01 mixed mode windows-amd64 compressed oops)
Heap:
 PSYoungGen      total 259584K, used 103577K [0x00000000d5580000, 0x00000000e7500000, 0x0000000100000000)
  eden space 239616K, 34% used [0x00000000d5580000,0x00000000da726cf0,0x00000000e3f80000)
  from space 19968K, 99% used [0x00000000e5800000,0x00000000e6b7f748,0x00000000e6b80000)
  to   space 25088K, 0% used [0x00000000e3f80000,0x00000000e3f80000,0x00000000e5800000)
 ParOldGen       total 76800K, used 44073K [0x0000000080000000, 0x0000000084b00000, 0x00000000d5580000)
  object space 76800K, 57% used [0x0000000080000000,0x0000000082b0a7e8,0x0000000084b00000)
 Metaspace       used 85726K, capacity 90078K, committed 90288K, reserved 1126400K
  class space    used 11594K, capacity 12412K, committed 12464K, reserved 1048576K
GC Heap History (10 events):
Event: 20.199 GC heap before
{Heap before GC invocations=17 (full 2):
 PSYoungGen      total 171520K, used 30307K [0x00000000d5580000, 0x00000000e1780000, 0x0000000100000000)
  eden space 159232K, 11% used [0x00000000d5580000,0x00000000d671c770,0x00000000df100000)
  from space 12288K, 99% used [0x00000000e0300000,0x00000000e0efc6e8,0x00000000e0f00000)
  to   space 18432K, 0% used [0x00000000df100000,0x00000000df100000,0x00000000e0300000)
 ParOldGen       total 48640K, used 30551K [0x0000000080000000, 0x0000000082f80000, 0x00000000d5580000)
  object space 48640K, 62% used [0x0000000080000000,0x0000000081dd5c60,0x0000000082f80000)
 Metaspace       used 57061K, capacity 59058K, committed 59160K, reserved 1099776K
  class space    used 7820K, capacity 8282K, committed 8368K, reserved 1048576K
Event: 20.220 GC heap after
Heap after GC invocations=17 (full 2):
 PSYoungGen      total 177664K, used 1824K [0x00000000d5580000, 0x00000000e4e00000, 0x0000000100000000)
  eden space 159232K, 0% used [0x00000000d5580000,0x00000000d5580000,0x00000000df100000)
  from space 18432K, 9% used [0x00000000df100000,0x00000000df2c82b8,0x00000000e0300000)
  to   space 17920K, 0% used [0x00000000e3c80000,0x00000000e3c80000,0x00000000e4e00000)
 ParOldGen       total 48640K, used 37290K [0x0000000080000000, 0x0000000082f80000, 0x00000000d5580000)
  object space 48640K, 76% used [0x0000000080000000,0x000000008246a8b8,0x0000000082f80000)
 Metaspace       used 57061K, capacity 59058K, committed 59160K, reserved 1099776K
  class space    used 7820K, capacity 8282K, committed 8368K, reserved 1048576K
}
Event: 20.221 GC heap before
{Heap before GC invocations=18 (full 3):
 PSYoungGen      total 177664K, used 1824K [0x00000000d5580000, 0x00000000e4e00000, 0x0000000100000000)
  eden space 159232K, 0% used [0x00000000d5580000,0x00000000d5580000,0x00000000df100000)
  from space 18432K, 9% used [0x00000000df100000,0x00000000df2c82b8,0x00000000e0300000)
  to   space 17920K, 0% used [0x00000000e3c80000,0x00000000e3c80000,0x00000000e4e00000)
 ParOldGen       total 48640K, used 37290K [0x0000000080000000, 0x0000000082f80000, 0x00000000d5580000)
  object space 48640K, 76% used [0x0000000080000000,0x000000008246a8b8,0x0000000082f80000)
 Metaspace       used 57061K, capacity 59058K, committed 59160K, reserved 1099776K
  class space    used 7820K, capacity 8282K, committed 8368K, reserved 1048576K
Event: 20.574 GC heap after
Heap after GC invocations=18 (full 3):
 PSYoungGen      total 177664K, used 0K [0x00000000d5580000, 0x00000000e4e00000, 0x0000000100000000)
  eden space 159232K, 0% used [0x00000000d5580000,0x00000000d5580000,0x00000000df100000)
  from space 18432K, 0% used [0x00000000df100000,0x00000000df100000,0x00000000e0300000)
  to   space 17920K, 0% used [0x00000000e3c80000,0x00000000e3c80000,0x00000000e4e00000)
 ParOldGen       total 76800K, used 28525K [0x0000000080000000, 0x0000000084b00000, 0x00000000d5580000)
  object space 76800K, 37% used [0x0000000080000000,0x0000000081bdb5c0,0x0000000084b00000)
 Metaspace       used 57048K, capacity 59016K, committed 59160K, reserved 1099776K
  class space    used 7816K, capacity 8275K, committed 8368K, reserved 1048576K
}
Event: 24.609 GC heap before
{Heap before GC invocations=19 (full 3):
 PSYoungGen      total 177664K, used 159232K [0x00000000d5580000, 0x00000000e4e00000, 0x0000000100000000)
  eden space 159232K, 100% used [0x00000000d5580000,0x00000000df100000,0x00000000df100000)
  from space 18432K, 0% used [0x00000000df100000,0x00000000df100000,0x00000000e0300000)
  to   space 17920K, 0% used [0x00000000e3c80000,0x00000000e3c80000,0x00000000e4e00000)
 ParOldGen       total 76800K, used 28525K [0x0000000080000000, 0x0000000084b00000, 0x00000000d5580000)
  object space 76800K, 37% used [0x0000000080000000,0x0000000081bdb5c0,0x0000000084b00000)
 Metaspace       used 62465K, capacity 65312K, committed 65584K, reserved 1105920K
  class space    used 8626K, capacity 9227K, committed 9264K, reserved 1048576K
Event: 24.635 GC heap after
Heap after GC invocations=19 (full 3):
 PSYoungGen      total 224768K, used 16898K [0x00000000d5580000, 0x00000000e4d80000, 0x0000000100000000)
  eden space 207360K, 0% used [0x00000000d5580000,0x00000000d5580000,0x00000000e2000000)
  from space 17408K, 97% used [0x00000000e3c80000,0x00000000e4d00ba8,0x00000000e4d80000)
  to   space 20992K, 0% used [0x00000000e2480000,0x00000000e2480000,0x00000000e3900000)
 ParOldGen       total 76800K, used 28533K [0x0000000080000000, 0x0000000084b00000, 0x00000000d5580000)
  object space 76800K, 37% used [0x0000000080000000,0x0000000081bdd5c0,0x0000000084b00000)
 Metaspace       used 62465K, capacity 65312K, committed 65584K, reserved 1105920K
  class space    used 8626K, capacity 9227K, committed 9264K, reserved 1048576K
}
Event: 28.970 GC heap before
{Heap before GC invocations=20 (full 3):
 PSYoungGen      total 224768K, used 224258K [0x00000000d5580000, 0x00000000e4d80000, 0x0000000100000000)
  eden space 207360K, 100% used [0x00000000d5580000,0x00000000e2000000,0x00000000e2000000)
  from space 17408K, 97% used [0x00000000e3c80000,0x00000000e4d00ba8,0x00000000e4d80000)
  to   space 20992K, 0% used [0x00000000e2480000,0x00000000e2480000,0x00000000e3900000)
 ParOldGen       total 76800K, used 28533K [0x0000000080000000, 0x0000000084b00000, 0x00000000d5580000)
  object space 76800K, 37% used [0x0000000080000000,0x0000000081bdd5c0,0x0000000084b00000)
 Metaspace       used 70436K, capacity 73796K, committed 74032K, reserved 1112064K
  class space    used 9767K, capacity 10435K, committed 10544K, reserved 1048576K
Event: 28.997 GC heap after
Heap after GC invocations=20 (full 3):
 PSYoungGen      total 232960K, used 9185K [0x00000000d5580000, 0x00000000e6b80000, 0x0000000100000000)
  eden space 211968K, 0% used [0x00000000d5580000,0x00000000d5580000,0x00000000e2480000)
  from space 20992K, 43% used [0x00000000e2480000,0x00000000e2d78530,0x00000000e3900000)
  to   space 19968K, 0% used [0x00000000e5800000,0x00000000e5800000,0x00000000e6b80000)
 ParOldGen       total 76800K, used 39180K [0x0000000080000000, 0x0000000084b00000, 0x00000000d5580000)
  object space 76800K, 51% used [0x0000000080000000,0x0000000082643070,0x0000000084b00000)
 Metaspace       used 70436K, capacity 73796K, committed 74032K, reserved 1112064K
  class space    used 9767K, capacity 10435K, committed 10544K, reserved 1048576K
}
Event: 265.651 GC heap before
{Heap before GC invocations=21 (full 3):
 PSYoungGen      total 232960K, used 221153K [0x00000000d5580000, 0x00000000e6b80000, 0x0000000100000000)
  eden space 211968K, 100% used [0x00000000d5580000,0x00000000e2480000,0x00000000e2480000)
  from space 20992K, 43% used [0x00000000e2480000,0x00000000e2d78530,0x00000000e3900000)
  to   space 19968K, 0% used [0x00000000e5800000,0x00000000e5800000,0x00000000e6b80000)
 ParOldGen       total 76800K, used 39180K [0x0000000080000000, 0x0000000084b00000, 0x00000000d5580000)
  object space 76800K, 51% used [0x0000000080000000,0x0000000082643070,0x0000000084b00000)
 Metaspace       used 83114K, capacity 87436K, committed 87728K, reserved 1124352K
  class space    used 11292K, capacity 12130K, committed 12208K, reserved 1048576K
Event: 265.692 GC heap after
Heap after GC invocations=21 (full 3):
 PSYoungGen      total 259584K, used 19965K [0x00000000d5580000, 0x00000000e7500000, 0x0000000100000000)
  eden space 239616K, 0% used [0x00000000d5580000,0x00000000d5580000,0x00000000e3f80000)
  from space 19968K, 99% used [0x00000000e5800000,0x00000000e6b7f748,0x00000000e6b80000)
  to   space 25088K, 0% used [0x00000000e3f80000,0x00000000e3f80000,0x00000000e5800000)
 ParOldGen       total 76800K, used 44073K [0x0000000080000000, 0x0000000084b00000, 0x00000000d5580000)
  object space 76800K, 57% used [0x0000000080000000,0x0000000082b0a7e8,0x0000000084b00000)
 Metaspace       used 83114K, capacity 87436K, committed 87728K, reserved 1124352K
  class space    used 11292K, capacity 12130K, committed 12208K, reserved 1048576K
}

